
> premium-portfolio@0.1.0 dev
> astro dev --host 127.0.0.1 --port 4321

[vite] connected.
[2m16:15:03[22m [34m[types][39m Generated [2m1ms[22m
[42m[1m astro [22m[49m [32mv6.3.6[39m [2mready in[22m 2570 [2mms[22m
[2m┃[22m Local    [36mhttp://127.0.0.1:4321/[39m
[2m16:15:03[22m [32mwatching for file changes...[39m
[2m16:15:44[22m [34m[200][39m / [2m25ms[22m
[2m16:15:45[22m [34m[vite][39m [32m✨ new dependencies optimized: [33mthree, three/examples/jsm/environments/RoomEnvironment.js, three/examples/jsm/loaders/GLTFLoader.js[32m[39m
[2m16:15:45[22m [34m[vite][39m [32m✨ optimized dependencies changed. reloading[39m
[2m16:15:45[22m [34m[200][39m / [2m7ms[22m
[2m16:16:26[22m [34m[200][39m / [2m5ms[22m
[2m16:17:18[22m [34m[watch][39m src/pages/index.astro
[2m16:17:26[22m [34m[watch][39m src/pages/index.astro
[2m16:17:37[22m [34m[200][39m / [2m22ms[22m
[2m16:21:13[22m [34m[watch][39m src/pages/index.astro
[2m16:21:37[22m [34m[watch][39m src/pages/index.astro
[2m16:21:50[22m [34m[watch][39m src/pages/index.astro
[2m16:22:21[22m [34m[200][39m / [2m18ms[22m
[2m16:24:06[22m [34m[watch][39m src/pages/index.astro
[2m16:24:45[22m [34m[watch][39m /src/styles/global.css
[2m16:25:28[22m [34m[200][39m / [2m19ms[22m
[2m16:26:46[22m [34m[200][39m / [2m5ms[22m
[2m16:27:59[22m [34m[watch][39m /src/styles/global.css
[2m16:30:10[22m [34m[watch][39m src/pages/index.astro
[2m16:30:25[22m [34m[watch][39m /src/styles/global.css
[2m16:30:55[22m [34m[200][39m / [2m41ms[22m
[2m16:31:54[22m [34m[200][39m / [2m3ms[22m
[2m16:33:37[22m [34m[200][39m / [2m5ms[22m
[2m16:34:48[22m [34m[watch][39m src/pages/index.astro
[2m16:35:05[22m [34m[watch][39m src/pages/index.astro
[2m16:35:18[22m [34m[watch][39m src/pages/index.astro
[2m16:35:44[22m [34m[200][39m / [2m22ms[22m
[2m16:36:37[22m [34m[200][39m / [2m3ms[22m
[2m17:32:17[22m [34m[watch][39m src/pages/index.astro
[2m17:32:50[22m [34m[watch][39m /src/styles/global.css
[2m17:33:51[22m [34m[watch][39m src/pages/index.astro
[2m17:43:21[22m [34m[watch][39m src/pages/index.astro
[2m17:43:51[22m [34m[watch][39m src/pages/index.astro
[2m17:44:36[22m [34m[watch][39m src/pages/index.astro
[2m17:45:11[22m [34m[watch][39m src/pages/index.astro
[2m17:47:57[22m [34m[watch][39m src/pages/index.astro
[2m17:49:17[22m [34m[watch][39m src/pages/index.astro
[2m17:50:04[22m [34m[watch][39m src/pages/index.astro
[2m17:50:41[22m [34m[watch][39m src/pages/index.astro
[2m17:51:23[22m [34m[watch][39m /src/styles/global.css
[2m17:56:44[22m [34m[watch][39m src/pages/index.astro
[2m17:57:58[22m [34m[watch][39m /src/styles/global.css
[2m17:58:58[22m [34m[watch][39m /src/styles/global.css
[2m18:00:14[22m [34m[watch][39m /src/styles/global.css
[2m18:06:11[22m Configuration file updated. Restarting...
[vite] connected.
[2m18:06:16[22m [34m[vite][39m server restarted.
[2m18:37:11[22m Configuration file updated. Restarting...
[vite] connected.
[2m18:37:14[22m [34m[vite][39m server restarted.
